<?xml version="1.0" encoding="UTF-8"?>
<!-- Generated by org.testng.reporters.JUnitReportReporter -->
<testsuite skipped="0" hostname="admin-PC" name="com.bankguru.payment.Level_21_Multiple_Environment" tests="1" failures="0" timestamp="08 Dec 2021 06:40:13 GMT" time="0.086" errors="0">
  <testcase name="Employee_01_Add_New_Employee" time="0.086" classname="com.bankguru.payment.Level_21_Multiple_Environment"/>
</testsuite> <!-- com.bankguru.payment.Level_21_Multiple_Environment -->
